[debug] [2025-09-26T09:16:59.092Z] ----------------------------------------------------------------------
[debug] [2025-09-26T09:16:59.094Z] Command:       /nix/store/ws50yvm6vzlzf7jzz6n7xh4szddrack1-nodejs-20.19.1/bin/node /nix/store/a3jfkfzmr1h8lmk31a8fbchkg5sp12q9-firebase-tools-14.16.0/lib/node_modules/firebase-tools/lib/bin/firebase.js hosting:channel:deploy stg
[debug] [2025-09-26T09:16:59.095Z] CLI Version:   14.16.0
[debug] [2025-09-26T09:16:59.095Z] Platform:      linux
[debug] [2025-09-26T09:16:59.095Z] Node Version:  v20.19.1
[debug] [2025-09-26T09:16:59.095Z] Time:          Fri Sep 26 2025 09:16:59 GMT+0000 (Coordinated Universal Time)
[debug] [2025-09-26T09:16:59.095Z] ----------------------------------------------------------------------
[debug] 
[debug] [2025-09-26T09:16:59.493Z] Checked if tokens are valid: true, expires at: 1758881361239
[debug] [2025-09-26T09:16:59.493Z] Checked if tokens are valid: true, expires at: 1758881361239
[debug] [2025-09-26T09:16:59.496Z] >>> [apiv2][query] GET https://monospace-pa.googleapis.com/v1/workspaces/hadiwijaya-borepile-37062310 [none]
[debug] [2025-09-26T09:17:00.424Z] <<< [apiv2][status] GET https://monospace-pa.googleapis.com/v1/workspaces/hadiwijaya-borepile-37062310 200
[debug] [2025-09-26T09:17:00.425Z] <<< [apiv2][body] GET https://monospace-pa.googleapis.com/v1/workspaces/hadiwijaya-borepile-37062310 {"workspaceId":"hadiwijaya-borepile-37062310","name":"Hadiwijaya Borepile","workspaceRedirectUrl":"firebase-hadiwijaya-borepile-1757152662488.cluster-zumahodzirciuujpqvsniawo3o.cloudworkstations.dev","status":"WORKSPACE_STATUS_RUNNING","lastAccessDatetime":"2025-09-26T09:00:17.721222Z","workspaceTemplate":"WORKSPACE_TEMPLATE_BLANK_WEB","owner":"SELF","serviceAccountEmail":"msp-1195138135658546191@monospace-4.iam.gserviceaccount.com","enableNix":true,"ownerEmail":"micropadmanusantara@gmail.com","workspaceImageUrl":"https://www.gstatic.com/monospace/231115/logo_astro.svg","templateArgs":"{\"typescript\":\"strict\",\"template\":\"basics\",\"tailwind\":true}","templateRepoUrl":"file:///usr/local/monospace/templates/public/astro","workstationAccessToken":"eyJhbGciOiJSUzI1NiIsInR5cCI6IkpXVCJ9.eyJpc3MiOiJodHRwczovL2Nsb3VkLmdvb2dsZS5jb20vd29ya3N0YXRpb25zIiwiYXVkIjoiZmlyZWJhc2UtaGFkaXdpamF5YS1ib3JlcGlsZS0xNzU3MTUyNjYyNDg4LmNsdXN0ZXItenVtYWhvZHppcmNpdXVqcHF2c25pYXdvM28uY2xvdWR3b3Jrc3RhdGlvbnMuZGV2IiwiaWF0IjoxNzU4ODc4MjIwLCJleHAiOjE3NTg5NjQ2MjB9.CXorpACZ529XU5D02-UeVcDHRwdEvf8dZGaVa6dR911HlYYbZ1xjrwE3lJ0yB8W04xuIpQGXKGy9nHfcdP-gk47rSSidqxVp7IdCmuIdI8Ln3IqFdCGkwSBK5ovCW4zcbenR_UoaCxMpRg3qpM0LZDiAa2jbUEnyIKYE_aFshKa_QnuEiWiWec8zhAquhMeqlksKAEdrO79FBgHs1Dr4zO0tF1s4IVQMMdncaAddBtHkiEbUCMjThQ1L3J2o948FadtuggQ5EOOrm80UT2prVvvSkn4FMbvbBu4gXJNu8iJBqjSFfXAnIL91QYeudSojjJ8FdmnDhTO3LQyFnnfKdQ","firebaseProjectId":"hadiwijaya-bore-pile"}
[debug] [2025-09-26T09:17:00.429Z] > command requires scopes: ["email","openid","https://www.googleapis.com/auth/cloudplatformprojects.readonly","https://www.googleapis.com/auth/firebase","https://www.googleapis.com/auth/cloud-platform","https://www.googleapis.com/auth/userinfo.email"]
[debug] [2025-09-26T09:17:00.430Z] > authorizing via signed-in user (micropadmanusantara@gmail.com)
[debug] [2025-09-26T09:17:00.430Z] [iam] checking project hadiwijaya-bore-pile for permissions ["firebase.projects.get","firebasehosting.sites.update"]
[debug] [2025-09-26T09:17:00.431Z] Checked if tokens are valid: true, expires at: 1758881361239
[debug] [2025-09-26T09:17:00.431Z] Checked if tokens are valid: true, expires at: 1758881361239
[debug] [2025-09-26T09:17:00.434Z] >>> [apiv2][query] POST https://cloudresourcemanager.googleapis.com/v1/projects/hadiwijaya-bore-pile:testIamPermissions [none]
[debug] [2025-09-26T09:17:00.434Z] >>> [apiv2][(partial)header] POST https://cloudresourcemanager.googleapis.com/v1/projects/hadiwijaya-bore-pile:testIamPermissions x-goog-quota-user=projects/hadiwijaya-bore-pile
[debug] [2025-09-26T09:17:00.434Z] >>> [apiv2][body] POST https://cloudresourcemanager.googleapis.com/v1/projects/hadiwijaya-bore-pile:testIamPermissions {"permissions":["firebase.projects.get","firebasehosting.sites.update"]}
[debug] [2025-09-26T09:17:01.205Z] <<< [apiv2][status] POST https://cloudresourcemanager.googleapis.com/v1/projects/hadiwijaya-bore-pile:testIamPermissions 200
[debug] [2025-09-26T09:17:01.205Z] <<< [apiv2][body] POST https://cloudresourcemanager.googleapis.com/v1/projects/hadiwijaya-bore-pile:testIamPermissions {"permissions":["firebase.projects.get","firebasehosting.sites.update"]}
[debug] [2025-09-26T09:17:01.206Z] Checked if tokens are valid: true, expires at: 1758881361239
[debug] [2025-09-26T09:17:01.206Z] Checked if tokens are valid: true, expires at: 1758881361239
[debug] [2025-09-26T09:17:01.207Z] >>> [apiv2][query] GET https://firebase.googleapis.com/v1beta1/projects/hadiwijaya-bore-pile [none]
[debug] [2025-09-26T09:17:01.483Z] <<< [apiv2][status] GET https://firebase.googleapis.com/v1beta1/projects/hadiwijaya-bore-pile 200
[debug] [2025-09-26T09:17:01.484Z] <<< [apiv2][body] GET https://firebase.googleapis.com/v1beta1/projects/hadiwijaya-bore-pile {"projectId":"hadiwijaya-bore-pile","projectNumber":"541533140951","displayName":"hadiwijaya-bore-pile","name":"projects/hadiwijaya-bore-pile","resources":{"hostingSite":"hadiwijaya-bore-pile"},"state":"ACTIVE","etag":"1_1adffb51-44e8-4622-9cad-e774cfbb2d10"}
[debug] [2025-09-26T09:17:01.491Z] Checked if tokens are valid: true, expires at: 1758881361239
[debug] [2025-09-26T09:17:01.491Z] Checked if tokens are valid: true, expires at: 1758881361239
[debug] [2025-09-26T09:17:01.492Z] >>> [apiv2][query] GET https://firebasehosting.googleapis.com/v1beta1/projects/hadiwijaya-bore-pile/sites/hadiwijaya-bore-pile/channels/stg [none]
[debug] [2025-09-26T09:17:01.843Z] <<< [apiv2][status] GET https://firebasehosting.googleapis.com/v1beta1/projects/hadiwijaya-bore-pile/sites/hadiwijaya-bore-pile/channels/stg 200
[debug] [2025-09-26T09:17:01.843Z] <<< [apiv2][body] GET https://firebasehosting.googleapis.com/v1beta1/projects/hadiwijaya-bore-pile/sites/hadiwijaya-bore-pile/channels/stg {"name":"projects/hadiwijaya-bore-pile/sites/hadiwijaya-bore-pile/channels/stg","url":"https://hadiwijaya-bore-pile--stg-58t5hgh4.web.app","release":{"name":"projects/hadiwijaya-bore-pile/sites/hadiwijaya-bore-pile/channels/stg/releases/1758878137609000","version":{"name":"projects/hadiwijaya-bore-pile/sites/hadiwijaya-bore-pile/versions/1f34b6999f378d90","status":"FINALIZED","config":{"cleanUrls":true,"trailingSlashBehavior":"REMOVE"},"labels":{"deployment-tool":"cli-firebase--project-idx","firebase-web-framework":"astro"},"createTime":"2025-09-26T09:15:33.879997Z","createUser":{"email":"micropadmanusantara@gmail.com"},"finalizeTime":"2025-09-26T09:15:37.818836Z","finalizeUser":{"email":"micropadmanusantara@gmail.com"},"fileCount":"48","versionBytes":"21178053"},"type":"DEPLOY","releaseTime":"2025-09-26T09:15:37.609Z","releaseUser":{"email":"micropadmanusantara@gmail.com"}},"createTime":"2025-09-11T08:24:41.938660609Z","updateTime":"2025-09-26T09:15:37.609Z","retainedReleaseCount":10,"expireTime":"2025-10-03T09:14:59.930920651Z"}
[debug] [2025-09-26T09:17:01.844Z] [hosting] found existing channel for site hadiwijaya-bore-pile {"name":"projects/hadiwijaya-bore-pile/sites/hadiwijaya-bore-pile/channels/stg","url":"https://hadiwijaya-bore-pile--stg-58t5hgh4.web.app","release":{"name":"projects/hadiwijaya-bore-pile/sites/hadiwijaya-bore-pile/channels/stg/releases/1758878137609000","version":{"name":"projects/hadiwijaya-bore-pile/sites/hadiwijaya-bore-pile/versions/1f34b6999f378d90","status":"FINALIZED","config":{"cleanUrls":true,"trailingSlashBehavior":"REMOVE"},"labels":{"deployment-tool":"cli-firebase--project-idx","firebase-web-framework":"astro"},"createTime":"2025-09-26T09:15:33.879997Z","createUser":{"email":"micropadmanusantara@gmail.com"},"finalizeTime":"2025-09-26T09:15:37.818836Z","finalizeUser":{"email":"micropadmanusantara@gmail.com"},"fileCount":"48","versionBytes":"21178053"},"type":"DEPLOY","releaseTime":"2025-09-26T09:15:37.609Z","releaseUser":{"email":"micropadmanusantara@gmail.com"}},"createTime":"2025-09-11T08:24:41.938660609Z","updateTime":"2025-09-26T09:15:37.609Z","retainedReleaseCount":10,"expireTime":"2025-10-03T09:14:59.930920651Z"}
[debug] [2025-09-26T09:17:01.844Z] Checked if tokens are valid: true, expires at: 1758881361239
[debug] [2025-09-26T09:17:01.844Z] Checked if tokens are valid: true, expires at: 1758881361239
[debug] [2025-09-26T09:17:01.846Z] >>> [apiv2][query] PATCH https://firebasehosting.googleapis.com/v1beta1/projects/hadiwijaya-bore-pile/sites/hadiwijaya-bore-pile/channels/stg updateMask=ttl
[debug] [2025-09-26T09:17:01.846Z] >>> [apiv2][body] PATCH https://firebasehosting.googleapis.com/v1beta1/projects/hadiwijaya-bore-pile/sites/hadiwijaya-bore-pile/channels/stg {"ttl":"604800s"}
[debug] [2025-09-26T09:17:02.216Z] <<< [apiv2][status] PATCH https://firebasehosting.googleapis.com/v1beta1/projects/hadiwijaya-bore-pile/sites/hadiwijaya-bore-pile/channels/stg 200
[debug] [2025-09-26T09:17:02.216Z] <<< [apiv2][body] PATCH https://firebasehosting.googleapis.com/v1beta1/projects/hadiwijaya-bore-pile/sites/hadiwijaya-bore-pile/channels/stg {"name":"projects/hadiwijaya-bore-pile/sites/hadiwijaya-bore-pile/channels/stg","url":"https://hadiwijaya-bore-pile--stg-58t5hgh4.web.app","release":{"name":"projects/hadiwijaya-bore-pile/sites/hadiwijaya-bore-pile/channels/stg/releases/1758878137609000","version":{"name":"projects/hadiwijaya-bore-pile/sites/hadiwijaya-bore-pile/versions/1f34b6999f378d90","status":"FINALIZED","config":{"cleanUrls":true,"trailingSlashBehavior":"REMOVE"},"labels":{"deployment-tool":"cli-firebase--project-idx","firebase-web-framework":"astro"},"createTime":"2025-09-26T09:15:33.879997Z","createUser":{"email":"micropadmanusantara@gmail.com"},"finalizeTime":"2025-09-26T09:15:37.818836Z","finalizeUser":{"email":"micropadmanusantara@gmail.com"},"fileCount":"48","versionBytes":"21178053"},"type":"DEPLOY","releaseTime":"2025-09-26T09:15:37.609Z","releaseUser":{"email":"micropadmanusantara@gmail.com"}},"createTime":"2025-09-11T08:24:41.938660609Z","updateTime":"2025-09-26T09:17:02.036736071Z","retainedReleaseCount":10,"expireTime":"2025-10-03T09:17:02.036736071Z"}
[debug] [2025-09-26T09:17:02.216Z] [hosting] updated TTL for existing channel for site hadiwijaya-bore-pile {"name":"projects/hadiwijaya-bore-pile/sites/hadiwijaya-bore-pile/channels/stg","url":"https://hadiwijaya-bore-pile--stg-58t5hgh4.web.app","release":{"name":"projects/hadiwijaya-bore-pile/sites/hadiwijaya-bore-pile/channels/stg/releases/1758878137609000","version":{"name":"projects/hadiwijaya-bore-pile/sites/hadiwijaya-bore-pile/versions/1f34b6999f378d90","status":"FINALIZED","config":{"cleanUrls":true,"trailingSlashBehavior":"REMOVE"},"labels":{"deployment-tool":"cli-firebase--project-idx","firebase-web-framework":"astro"},"createTime":"2025-09-26T09:15:33.879997Z","createUser":{"email":"micropadmanusantara@gmail.com"},"finalizeTime":"2025-09-26T09:15:37.818836Z","finalizeUser":{"email":"micropadmanusantara@gmail.com"},"fileCount":"48","versionBytes":"21178053"},"type":"DEPLOY","releaseTime":"2025-09-26T09:15:37.609Z","releaseUser":{"email":"micropadmanusantara@gmail.com"}},"createTime":"2025-09-11T08:24:41.938660609Z","updateTime":"2025-09-26T09:17:02.036736071Z","retainedReleaseCount":10,"expireTime":"2025-10-03T09:17:02.036736071Z"}
